<?xml version="1.0" encoding="UTF-8"?>
<testsuite xmlns:xsi="http://www.w3.org/2001/XMLSchema-instance" xsi:schemaLocation="https://maven.apache.org/surefire/maven-surefire-plugin/xsd/surefire-test-report.xsd" name="runner.RunnerTest" time="155.57" tests="125" errors="0" skipped="0" failures="0">
  <properties>
    <property name="idea.version" value="2020.2.3"/>
    <property name="java.runtime.name" value="OpenJDK Runtime Environment"/>
    <property name="sun.boot.library.path" value="C:\Program Files\Zulu\zulu-8\jre\bin"/>
    <property name="java.vm.version" value="25.272-b17"/>
    <property name="jdk.vendor.version" value="Zulu 8.50.0.21-CA-win64"/>
    <property name="java.vm.vendor" value="Azul Systems, Inc."/>
    <property name="maven.multiModuleProjectDirectory" value="C:\Users\Fri.to\Documents\POS-FACULDADE\Automacao_Teste\impacta-system-testing-dennis"/>
    <property name="java.vendor.url" value="http://www.azulsystems.com/"/>
    <property name="path.separator" value=";"/>
    <property name="guice.disable.misplaced.annotation.check" value="true"/>
    <property name="java.vm.name" value="OpenJDK 64-Bit Server VM"/>
    <property name="file.encoding.pkg" value="sun.io"/>
    <property name="user.script" value=""/>
    <property name="user.country" value="BR"/>
    <property name="sun.java.launcher" value="SUN_STANDARD"/>
    <property name="sun.os.patch.level" value=""/>
    <property name="java.vm.specification.name" value="Java Virtual Machine Specification"/>
    <property name="user.dir" value="C:\Users\Fri.to\Documents\POS-FACULDADE\Automacao_Teste\impacta-system-testing-dennis"/>
    <property name="java.runtime.version" value="1.8.0_272-b17"/>
    <property name="java.awt.graphicsenv" value="sun.awt.Win32GraphicsEnvironment"/>
    <property name="java.endorsed.dirs" value="C:\Program Files\Zulu\zulu-8\jre\lib\endorsed"/>
    <property name="os.arch" value="amd64"/>
    <property name="java.io.tmpdir" value="C:\Users\Fri.to\AppData\Local\Temp\"/>
    <property name="line.separator" value="&#10;"/>
    <property name="java.vm.specification.vendor" value="Oracle Corporation"/>
    <property name="user.variant" value=""/>
    <property name="os.name" value="Windows 10"/>
    <property name="maven.ext.class.path" value="C:\Program Files\JetBrains\IntelliJ IDEA Community Edition 2020.2.3\plugins\maven\lib\maven-event-listener.jar"/>
    <property name="classworlds.conf" value="C:\Program Files\JetBrains\IntelliJ IDEA Community Edition 2020.2.3\plugins\maven\lib\maven3\bin\m2.conf"/>
    <property name="sun.jnu.encoding" value="Cp1252"/>
    <property name="java.library.path" value="C:\Program Files\Zulu\zulu-8\bin;C:\WINDOWS\Sun\Java\bin;C:\WINDOWS\system32;C:\WINDOWS;C:\Program Files\Zulu\zulu-8\bin\;C:\Program Files (x86)\Common Files\Oracle\Java\javapath;C:\WINDOWS\system32;C:\WINDOWS;C:\WINDOWS\System32\Wbem;C:\WINDOWS\System32\WindowsPowerShell\v1.0\;C:\WINDOWS\System32\OpenSSH\;C:\Program Files\dotnet\;C:\Program Files\Microsoft SQL Server\130\Tools\Binn\;C:\Program Files\Microsoft SQL Server\Client SDK\ODBC\170\Tools\Binn\;C:\Program Files\Microsoft SQL Server\Client SDK\ODBC\110\Tools\Binn\;C:\Program Files (x86)\Microsoft SQL Server\120\Tools\Binn\;C:\Program Files\Microsoft SQL Server\120\Tools\Binn\;C:\Program Files\Microsoft SQL Server\120\DTS\Binn\;C:\Program Files (x86)\Microsoft SQL Server\120\Tools\Binn\ManagementStudio\;C:\Program Files (x86)\Microsoft SQL Server\120\DTS\Binn\;C:\Program Files\Git\cmd;C:\Python27\;C:\Python27\Scripts\;C:\xampp\php;C:\ProgramData\ComposerSetup\bin;C:\Program Files (x86)\dotnet\;C:\Program Files\nodejs\;C:\Program Files\Docker\Docker\resources\bin;C:\ProgramData\DockerDesktop\version-bin;C:\driver\edgedriver_win64\;C:\Program Files\Java\jre1.8.0_271\BIN;C:\Program Files\Apache Maven\BIN;PythonPath;C:\Users\Fri.to\AppData\Roaming\Composer\vendor\bin;C:\Users\Fri.to\AppData\Roaming\npm;C:\Users\Fri.to\AppData\Local\Programs\Microsoft VS Code\bin;C:\driver\edgedriver_win64\;C:\Users\Fri.to\AppData\Local\Microsoft\WindowsApps;C:\Users\Fri.to\AppData\Local\GitHubDesktop\bin;."/>
    <property name="maven.conf" value="C:\Program Files\JetBrains\IntelliJ IDEA Community Edition 2020.2.3\plugins\maven\lib\maven3/conf"/>
    <property name="java.specification.name" value="Java Platform API Specification"/>
    <property name="java.class.version" value="52.0"/>
    <property name="sun.management.compiler" value="HotSpot 64-Bit Tiered Compilers"/>
    <property name="os.version" value="10.0"/>
    <property name="user.home" value="C:\Users\Fri.to"/>
    <property name="user.timezone" value="America/Sao_Paulo"/>
    <property name="java.awt.printerjob" value="sun.awt.windows.WPrinterJob"/>
    <property name="java.specification.version" value="1.8"/>
    <property name="file.encoding" value="UTF-8"/>
    <property name="user.name" value="Fri.to"/>
    <property name="java.class.path" value="C:\Program Files\JetBrains\IntelliJ IDEA Community Edition 2020.2.3\plugins\maven\lib\maven3\boot\plexus-classworlds-2.6.0.jar;C:\Program Files\JetBrains\IntelliJ IDEA Community Edition 2020.2.3\plugins\maven\lib\maven3\boot\plexus-classworlds.license;C:\Program Files\JetBrains\IntelliJ IDEA Community Edition 2020.2.3\lib\idea_rt.jar"/>
    <property name="java.vm.specification.version" value="1.8"/>
    <property name="sun.arch.data.model" value="64"/>
    <property name="java.home" value="C:\Program Files\Zulu\zulu-8\jre"/>
    <property name="sun.java.command" value="org.codehaus.classworlds.Launcher -Didea.version=2020.2.3 verify"/>
    <property name="java.specification.vendor" value="Oracle Corporation"/>
    <property name="user.language" value="pt"/>
    <property name="awt.toolkit" value="sun.awt.windows.WToolkit"/>
    <property name="java.vm.info" value="mixed mode"/>
    <property name="java.version" value="1.8.0_272"/>
    <property name="java.ext.dirs" value="C:\Program Files\Zulu\zulu-8\jre\lib\ext;C:\WINDOWS\Sun\Java\lib\ext"/>
    <property name="sun.boot.class.path" value="C:\Program Files\Zulu\zulu-8\jre\lib\resources.jar;C:\Program Files\Zulu\zulu-8\jre\lib\rt.jar;C:\Program Files\Zulu\zulu-8\jre\lib\sunrsasign.jar;C:\Program Files\Zulu\zulu-8\jre\lib\jsse.jar;C:\Program Files\Zulu\zulu-8\jre\lib\jce.jar;C:\Program Files\Zulu\zulu-8\jre\lib\charsets.jar;C:\Program Files\Zulu\zulu-8\jre\lib\jfr.jar;C:\Program Files\Zulu\zulu-8\jre\classes"/>
    <property name="java.vendor" value="Azul Systems, Inc."/>
    <property name="maven.home" value="C:\Program Files\JetBrains\IntelliJ IDEA Community Edition 2020.2.3\plugins\maven\lib\maven3"/>
    <property name="file.separator" value="\"/>
    <property name="java.vendor.url.bug" value="http://www.azulsystems.com/support/"/>
    <property name="sun.cpu.endian" value="little"/>
    <property name="sun.io.unicode.encoding" value="UnicodeLittle"/>
    <property name="sun.desktop" value="windows"/>
    <property name="sun.cpu.isalist" value="amd64"/>
  </properties>
  <testcase name="Dado que o usuário está na página inicial" classname="Cenario: apagar processo | DELETE" time="0.004"/>
  <testcase name="E que o usuário clicar no menu processos" classname="Cenario: apagar processo | DELETE" time="0.001"/>
  <testcase name="E que o usuário clicar no menu processos" classname="Cenario: apagar processo | DELETE" time="0"/>
  <testcase name="E que o usuário clicar no botão novo processo" classname="Cenario: apagar processo | DELETE" time="0"/>
  <testcase name="E que o usuário preenche o campo &quot;vara&quot; com o valor &quot;10º vara&quot; no cadastro de processos" classname="Cenario: apagar processo | DELETE" time="0"/>
  <testcase name="E que o usuário preenche o campo &quot;número processo&quot; com o valor &quot;123456&quot; no cadastro de processos" classname="Cenario: apagar processo | DELETE" time="0.001"/>
  <testcase name="E que o usuário preenche o campo &quot;natureza&quot; com o valor &quot;separação&quot; no cadastro de processos" classname="Cenario: apagar processo | DELETE" time="0"/>
  <testcase name="E que o usuário preenche o campo &quot;partes&quot; com o valor &quot;Vingadores&quot; no cadastro de processos" classname="Cenario: apagar processo | DELETE" time="0"/>
  <testcase name="E que o usuário preenche o campo &quot;urgente&quot; com o valor &quot;Sim&quot; no cadastro de processos" classname="Cenario: apagar processo | DELETE" time="0"/>
  <testcase name="E que o usuário preenche o campo &quot;arbitramento&quot; com o valor &quot;Governo EUA&quot; no cadastro de processos" classname="Cenario: apagar processo | DELETE" time="0"/>
  <testcase name="E que o usuário preenche o campo &quot;assistente social&quot; com o valor &quot;Nick Fury&quot; no cadastro de processos" classname="Cenario: apagar processo | DELETE" time="0"/>
  <testcase name="E que o usuário preenche o campo &quot;data entrada&quot; com o valor &quot;04/04/2020&quot; no cadastro de processos" classname="Cenario: apagar processo | DELETE" time="0"/>
  <testcase name="E que o usuário preenche o campo &quot;status&quot; com o valor &quot;aberto&quot; no cadastro de processos" classname="Cenario: apagar processo | DELETE" time="0"/>
  <testcase name="E o usuário clicar no botão salvar no cadastro de processos" classname="Cenario: apagar processo | DELETE" time="0"/>
  <testcase name="E que o usuário está na página inicial" classname="Cenario: apagar processo | DELETE" time="0"/>
  <testcase name="Quando o usuário clicar no botão apagar e confirmar mensagem" classname="Cenario: apagar processo | DELETE" time="0"/>
  <testcase name="Entao o usuário não verá mais o processo na lista" classname="Cenario: apagar processo | DELETE" time="0"/>
  <testcase name="Cenario: apagar processo | DELETE" classname="Cenario: apagar processo | DELETE" time="0"/>
  <testcase name="Dado que o usuário está na página inicial" classname="Cenario: adicionar processo | POST" time="0.001"/>
  <testcase name="E que o usuário clicar no menu processos" classname="Cenario: adicionar processo | POST" time="0"/>
  <testcase name="E que o usuário clicar no botão novo processo" classname="Cenario: adicionar processo | POST" time="0"/>
  <testcase name="E que o usuário preenche o campo &quot;vara&quot; com o valor &quot;10º vara&quot; no cadastro de processos" classname="Cenario: adicionar processo | POST" time="0"/>
  <testcase name="E que o usuário preenche o campo &quot;número processo&quot; com o valor &quot;123456&quot; no cadastro de processos" classname="Cenario: adicionar processo | POST" time="0"/>
  <testcase name="E que o usuário preenche o campo &quot;natureza&quot; com o valor &quot;separação&quot; no cadastro de processos" classname="Cenario: adicionar processo | POST" time="0"/>
  <testcase name="E que o usuário preenche o campo &quot;partes&quot; com o valor &quot;Vingadores&quot; no cadastro de processos" classname="Cenario: adicionar processo | POST" time="0"/>
  <testcase name="E que o usuário preenche o campo &quot;urgente&quot; com o valor &quot;Sim&quot; no cadastro de processos" classname="Cenario: adicionar processo | POST" time="0"/>
  <testcase name="E que o usuário preenche o campo &quot;arbitramento&quot; com o valor &quot;Governo EUA&quot; no cadastro de processos" classname="Cenario: adicionar processo | POST" time="0"/>
  <testcase name="E que o usuário preenche o campo &quot;assistente social&quot; com o valor &quot;Nick Fury&quot; no cadastro de processos" classname="Cenario: adicionar processo | POST" time="0"/>
  <testcase name="E que o usuário preenche o campo &quot;data entrada&quot; com o valor &quot;04/04/2020&quot; no cadastro de processos" classname="Cenario: adicionar processo | POST" time="0"/>
  <testcase name="E que o usuário preenche o campo &quot;status&quot; com o valor &quot;aberto&quot; no cadastro de processos" classname="Cenario: adicionar processo | POST" time="0"/>
  <testcase name="Quando o usuário clicar no botão salvar no cadastro de processos" classname="Cenario: adicionar processo | POST" time="0.001"/>
  <testcase name="Entao o usuário deveria ver a mensagem &quot;Processo foi criado com sucesso.&quot; no cadastro de processos" classname="Cenario: adicionar processo | POST" time="0"/>
  <testcase name="Cenario: adicionar processo | POST" classname="Cenario: adicionar processo | POST" time="0.001"/>
  <testcase name="Dado que o usuário está na página inicial" classname="Cenario: mostrar processo | GET" time="0"/>
  <testcase name="E que o usuário clicar no menu processos" classname="Cenario: mostrar processo | GET" time="0"/>
  <testcase name="E que o usuário clicar no menu processos" classname="Cenario: mostrar processo | GET" time="0"/>
  <testcase name="E que o usuário clicar no botão novo processo" classname="Cenario: mostrar processo | GET" time="0"/>
  <testcase name="E que o usuário preenche o campo &quot;vara&quot; com o valor &quot;10º vara&quot; no cadastro de processos" classname="Cenario: mostrar processo | GET" time="0"/>
  <testcase name="E que o usuário preenche o campo &quot;número processo&quot; com o valor &quot;123456&quot; no cadastro de processos" classname="Cenario: mostrar processo | GET" time="0"/>
  <testcase name="E que o usuário preenche o campo &quot;natureza&quot; com o valor &quot;separação&quot; no cadastro de processos" classname="Cenario: mostrar processo | GET" time="0"/>
  <testcase name="E que o usuário preenche o campo &quot;partes&quot; com o valor &quot;Vingadores&quot; no cadastro de processos" classname="Cenario: mostrar processo | GET" time="0"/>
  <testcase name="E que o usuário preenche o campo &quot;urgente&quot; com o valor &quot;Sim&quot; no cadastro de processos" classname="Cenario: mostrar processo | GET" time="0"/>
  <testcase name="E que o usuário preenche o campo &quot;arbitramento&quot; com o valor &quot;Governo EUA&quot; no cadastro de processos" classname="Cenario: mostrar processo | GET" time="0"/>
  <testcase name="E que o usuário preenche o campo &quot;assistente social&quot; com o valor &quot;Nick Fury&quot; no cadastro de processos" classname="Cenario: mostrar processo | GET" time="0"/>
  <testcase name="E que o usuário preenche o campo &quot;data entrada&quot; com o valor &quot;04/04/2020&quot; no cadastro de processos" classname="Cenario: mostrar processo | GET" time="0"/>
  <testcase name="E que o usuário preenche o campo &quot;status&quot; com o valor &quot;aberto&quot; no cadastro de processos" classname="Cenario: mostrar processo | GET" time="0"/>
  <testcase name="E o usuário clicar no botão salvar no cadastro de processos" classname="Cenario: mostrar processo | GET" time="0"/>
  <testcase name="E que o usuário está na página inicial" classname="Cenario: mostrar processo | GET" time="0"/>
  <testcase name="Quando o usuário clicar no botão mostrar" classname="Cenario: mostrar processo | GET" time="0.001"/>
  <testcase name="Entao usuário deve obter o código" classname="Cenario: mostrar processo | GET" time="0"/>
  <testcase name="Cenario: mostrar processo | GET" classname="Cenario: mostrar processo | GET" time="0.001"/>
  <testcase name="Dado que o usuário está na página inicial" classname="Cenario: atualizar processo | PUT" time="0"/>
  <testcase name="E que o usuário clicar no menu processos" classname="Cenario: atualizar processo | PUT" time="0"/>
  <testcase name="E que o usuário clicar no menu processos" classname="Cenario: atualizar processo | PUT" time="0"/>
  <testcase name="E que o usuário clicar no botão novo processo" classname="Cenario: atualizar processo | PUT" time="0"/>
  <testcase name="E que o usuário preenche o campo &quot;vara&quot; com o valor &quot;10º vara&quot; no cadastro de processos" classname="Cenario: atualizar processo | PUT" time="0"/>
  <testcase name="E que o usuário preenche o campo &quot;número processo&quot; com o valor &quot;123456&quot; no cadastro de processos" classname="Cenario: atualizar processo | PUT" time="0"/>
  <testcase name="E que o usuário preenche o campo &quot;natureza&quot; com o valor &quot;separação&quot; no cadastro de processos" classname="Cenario: atualizar processo | PUT" time="0"/>
  <testcase name="E que o usuário preenche o campo &quot;partes&quot; com o valor &quot;Vingadores&quot; no cadastro de processos" classname="Cenario: atualizar processo | PUT" time="0.001"/>
  <testcase name="E que o usuário preenche o campo &quot;urgente&quot; com o valor &quot;Sim&quot; no cadastro de processos" classname="Cenario: atualizar processo | PUT" time="0.001"/>
  <testcase name="E que o usuário preenche o campo &quot;arbitramento&quot; com o valor &quot;Governo EUA&quot; no cadastro de processos" classname="Cenario: atualizar processo | PUT" time="0"/>
  <testcase name="E que o usuário preenche o campo &quot;assistente social&quot; com o valor &quot;Nick Fury&quot; no cadastro de processos" classname="Cenario: atualizar processo | PUT" time="0"/>
  <testcase name="E que o usuário preenche o campo &quot;data entrada&quot; com o valor &quot;04/04/2020&quot; no cadastro de processos" classname="Cenario: atualizar processo | PUT" time="0"/>
  <testcase name="E que o usuário preenche o campo &quot;status&quot; com o valor &quot;aberto&quot; no cadastro de processos" classname="Cenario: atualizar processo | PUT" time="0"/>
  <testcase name="E o usuário clicar no botão salvar no cadastro de processos" classname="Cenario: atualizar processo | PUT" time="0"/>
  <testcase name="E que o usuário está na página inicial" classname="Cenario: atualizar processo | PUT" time="0"/>
  <testcase name="E o usuário clicar no botão editar" classname="Cenario: atualizar processo | PUT" time="0"/>
  <testcase name="E o usuário preenche o campo vara com o valor &quot;1 vara atualizado&quot; no editar processos" classname="Cenario: atualizar processo | PUT" time="0"/>
  <testcase name="Quando o usuário clicar em salvar" classname="Cenario: atualizar processo | PUT" time="0"/>
  <testcase name="Entao o usuário deveria ver a mensagem &quot;Processo atualizado com sucesso.&quot; no editar processos" classname="Cenario: atualizar processo | PUT" time="0"/>
  <testcase name="Cenario: atualizar processo | PUT" classname="Cenario: atualizar processo | PUT" time="0"/>
  <testcase name="Dado que o usuário está na página inicial" classname="| 1º vara | 12133 | adoção | jose x maria | Não | Sim | joao | 04/04/2021 | Aguardando |" time="0"/>
  <testcase name="Dado que o usuário está na página inicial" classname="| 1º vara | 12133 | adoção | jose x maria | Não | Sim | joao | 04/04/2021 | Aguardando |" time="0"/>
  <testcase name="E que o usuário clicar no menu processos" classname="| 1º vara | 12133 | adoção | jose x maria | Não | Sim | joao | 04/04/2021 | Aguardando |" time="0"/>
  <testcase name="E que o usuário clicar no menu processos" classname="| 1º vara | 12133 | adoção | jose x maria | Não | Sim | joao | 04/04/2021 | Aguardando |" time="0"/>
  <testcase name="E que o usuário clicar no botão novo processo" classname="| 1º vara | 12133 | adoção | jose x maria | Não | Sim | joao | 04/04/2021 | Aguardando |" time="0"/>
  <testcase name="E que o usuário clicar no botão novo processo" classname="| 1º vara | 12133 | adoção | jose x maria | Não | Sim | joao | 04/04/2021 | Aguardando |" time="0"/>
  <testcase name="E que o usuário preenche o campo &quot;vara&quot; com o valor &quot;10º vara&quot; no cadastro de processos" classname="| 1º vara | 12133 | adoção | jose x maria | Não | Sim | joao | 04/04/2021 | Aguardando |" time="0"/>
  <testcase name="E que o usuário preenche o campo &quot;número processo&quot; com o valor &quot;123456&quot; no cadastro de processos" classname="| 1º vara | 12133 | adoção | jose x maria | Não | Sim | joao | 04/04/2021 | Aguardando |" time="0"/>
  <testcase name="E que o usuário preenche o campo &quot;natureza&quot; com o valor &quot;separação&quot; no cadastro de processos" classname="| 1º vara | 12133 | adoção | jose x maria | Não | Sim | joao | 04/04/2021 | Aguardando |" time="0"/>
  <testcase name="E que o usuário preenche o campo &quot;partes&quot; com o valor &quot;Vingadores&quot; no cadastro de processos" classname="| 1º vara | 12133 | adoção | jose x maria | Não | Sim | joao | 04/04/2021 | Aguardando |" time="0"/>
  <testcase name="E que o usuário preenche o campo &quot;urgente&quot; com o valor &quot;Sim&quot; no cadastro de processos" classname="| 1º vara | 12133 | adoção | jose x maria | Não | Sim | joao | 04/04/2021 | Aguardando |" time="0"/>
  <testcase name="E que o usuário preenche o campo &quot;arbitramento&quot; com o valor &quot;Governo EUA&quot; no cadastro de processos" classname="| 1º vara | 12133 | adoção | jose x maria | Não | Sim | joao | 04/04/2021 | Aguardando |" time="0"/>
  <testcase name="E que o usuário preenche o campo &quot;assistente social&quot; com o valor &quot;Nick Fury&quot; no cadastro de processos" classname="| 1º vara | 12133 | adoção | jose x maria | Não | Sim | joao | 04/04/2021 | Aguardando |" time="0"/>
  <testcase name="E que o usuário preenche o campo &quot;data entrada&quot; com o valor &quot;04/04/2020&quot; no cadastro de processos" classname="| 1º vara | 12133 | adoção | jose x maria | Não | Sim | joao | 04/04/2021 | Aguardando |" time="0"/>
  <testcase name="E que o usuário preenche o campo &quot;status&quot; com o valor &quot;aberto&quot; no cadastro de processos" classname="| 1º vara | 12133 | adoção | jose x maria | Não | Sim | joao | 04/04/2021 | Aguardando |" time="0"/>
  <testcase name="E que o usuário preenche o campo &quot;vara&quot; com o valor &quot;1º vara&quot; no cadastro de processos" classname="| 1º vara | 12133 | adoção | jose x maria | Não | Sim | joao | 04/04/2021 | Aguardando |" time="0"/>
  <testcase name="E que o usuário preenche o campo &quot;número processo&quot; com o valor &quot;12133&quot; no cadastro de processos" classname="| 1º vara | 12133 | adoção | jose x maria | Não | Sim | joao | 04/04/2021 | Aguardando |" time="0"/>
  <testcase name="E que o usuário preenche o campo &quot;natureza&quot; com o valor &quot;adoção&quot; no cadastro de processos" classname="| 1º vara | 12133 | adoção | jose x maria | Não | Sim | joao | 04/04/2021 | Aguardando |" time="0"/>
  <testcase name="E que o usuário preenche o campo &quot;partes&quot; com o valor &quot;jose x maria&quot; no cadastro de processos" classname="| 1º vara | 12133 | adoção | jose x maria | Não | Sim | joao | 04/04/2021 | Aguardando |" time="0.001"/>
  <testcase name="E que o usuário preenche o campo &quot;urgente&quot; com o valor &quot;Não&quot; no cadastro de processos" classname="| 1º vara | 12133 | adoção | jose x maria | Não | Sim | joao | 04/04/2021 | Aguardando |" time="0"/>
  <testcase name="E que o usuário preenche o campo &quot;arbitramento&quot; com o valor &quot;Sim&quot; no cadastro de processos" classname="| 1º vara | 12133 | adoção | jose x maria | Não | Sim | joao | 04/04/2021 | Aguardando |" time="0"/>
  <testcase name="E que o usuário preenche o campo &quot;assistente social&quot; com o valor &quot;joao&quot; no cadastro de processos" classname="| 1º vara | 12133 | adoção | jose x maria | Não | Sim | joao | 04/04/2021 | Aguardando |" time="0"/>
  <testcase name="E que o usuário preenche o campo &quot;data entrada&quot; com o valor &quot;04/04/2021&quot; no cadastro de processos" classname="| 1º vara | 12133 | adoção | jose x maria | Não | Sim | joao | 04/04/2021 | Aguardando |" time="0"/>
  <testcase name="E que o usuário preenche o campo &quot;status&quot; com o valor &quot;Aguardando&quot; no cadastro de processos" classname="| 1º vara | 12133 | adoção | jose x maria | Não | Sim | joao | 04/04/2021 | Aguardando |" time="0"/>
  <testcase name="Quando o usuário clicar no botão salvar no cadastro de processos" classname="| 1º vara | 12133 | adoção | jose x maria | Não | Sim | joao | 04/04/2021 | Aguardando |" time="0"/>
  <testcase name="Entao o usuário deveria ver a mensagem &quot;Processo foi criado com sucesso.&quot; no cadastro de processos" classname="| 1º vara | 12133 | adoção | jose x maria | Não | Sim | joao | 04/04/2021 | Aguardando |" time="0"/>
  <testcase name="| 1º vara | 12133 | adoção | jose x maria | Não | Sim | joao | 04/04/2021 | Aguardando |" classname="| 1º vara | 12133 | adoção | jose x maria | Não | Sim | joao | 04/04/2021 | Aguardando |" time="0"/>
  <testcase name="Dado que o usuário está na página inicial" classname="| 2º vara | 12345 | separação | manoel x renata | Sim | Não | marcio | 01/01/2021 | Finalizado |" time="0"/>
  <testcase name="Dado que o usuário está na página inicial" classname="| 2º vara | 12345 | separação | manoel x renata | Sim | Não | marcio | 01/01/2021 | Finalizado |" time="0"/>
  <testcase name="E que o usuário clicar no menu processos" classname="| 2º vara | 12345 | separação | manoel x renata | Sim | Não | marcio | 01/01/2021 | Finalizado |" time="0"/>
  <testcase name="E que o usuário clicar no menu processos" classname="| 2º vara | 12345 | separação | manoel x renata | Sim | Não | marcio | 01/01/2021 | Finalizado |" time="0"/>
  <testcase name="E que o usuário clicar no botão novo processo" classname="| 2º vara | 12345 | separação | manoel x renata | Sim | Não | marcio | 01/01/2021 | Finalizado |" time="0"/>
  <testcase name="E que o usuário clicar no botão novo processo" classname="| 2º vara | 12345 | separação | manoel x renata | Sim | Não | marcio | 01/01/2021 | Finalizado |" time="0"/>
  <testcase name="E que o usuário preenche o campo &quot;vara&quot; com o valor &quot;10º vara&quot; no cadastro de processos" classname="| 2º vara | 12345 | separação | manoel x renata | Sim | Não | marcio | 01/01/2021 | Finalizado |" time="0"/>
  <testcase name="E que o usuário preenche o campo &quot;número processo&quot; com o valor &quot;123456&quot; no cadastro de processos" classname="| 2º vara | 12345 | separação | manoel x renata | Sim | Não | marcio | 01/01/2021 | Finalizado |" time="0"/>
  <testcase name="E que o usuário preenche o campo &quot;natureza&quot; com o valor &quot;separação&quot; no cadastro de processos" classname="| 2º vara | 12345 | separação | manoel x renata | Sim | Não | marcio | 01/01/2021 | Finalizado |" time="0"/>
  <testcase name="E que o usuário preenche o campo &quot;natureza&quot; com o valor &quot;separação&quot; no cadastro de processos" classname="| 2º vara | 12345 | separação | manoel x renata | Sim | Não | marcio | 01/01/2021 | Finalizado |" time="0"/>
  <testcase name="E que o usuário preenche o campo &quot;partes&quot; com o valor &quot;Vingadores&quot; no cadastro de processos" classname="| 2º vara | 12345 | separação | manoel x renata | Sim | Não | marcio | 01/01/2021 | Finalizado |" time="0"/>
  <testcase name="E que o usuário preenche o campo &quot;urgente&quot; com o valor &quot;Sim&quot; no cadastro de processos" classname="| 2º vara | 12345 | separação | manoel x renata | Sim | Não | marcio | 01/01/2021 | Finalizado |" time="0"/>
  <testcase name="E que o usuário preenche o campo &quot;urgente&quot; com o valor &quot;Sim&quot; no cadastro de processos" classname="| 2º vara | 12345 | separação | manoel x renata | Sim | Não | marcio | 01/01/2021 | Finalizado |" time="0"/>
  <testcase name="E que o usuário preenche o campo &quot;arbitramento&quot; com o valor &quot;Governo EUA&quot; no cadastro de processos" classname="| 2º vara | 12345 | separação | manoel x renata | Sim | Não | marcio | 01/01/2021 | Finalizado |" time="0"/>
  <testcase name="E que o usuário preenche o campo &quot;assistente social&quot; com o valor &quot;Nick Fury&quot; no cadastro de processos" classname="| 2º vara | 12345 | separação | manoel x renata | Sim | Não | marcio | 01/01/2021 | Finalizado |" time="0"/>
  <testcase name="E que o usuário preenche o campo &quot;data entrada&quot; com o valor &quot;04/04/2020&quot; no cadastro de processos" classname="| 2º vara | 12345 | separação | manoel x renata | Sim | Não | marcio | 01/01/2021 | Finalizado |" time="0.001"/>
  <testcase name="E que o usuário preenche o campo &quot;status&quot; com o valor &quot;aberto&quot; no cadastro de processos" classname="| 2º vara | 12345 | separação | manoel x renata | Sim | Não | marcio | 01/01/2021 | Finalizado |" time="0"/>
  <testcase name="E que o usuário preenche o campo &quot;vara&quot; com o valor &quot;2º vara&quot; no cadastro de processos" classname="| 2º vara | 12345 | separação | manoel x renata | Sim | Não | marcio | 01/01/2021 | Finalizado |" time="0"/>
  <testcase name="E que o usuário preenche o campo &quot;número processo&quot; com o valor &quot;12345&quot; no cadastro de processos" classname="| 2º vara | 12345 | separação | manoel x renata | Sim | Não | marcio | 01/01/2021 | Finalizado |" time="0"/>
  <testcase name="E que o usuário preenche o campo &quot;partes&quot; com o valor &quot;manoel x renata&quot; no cadastro de processos" classname="| 2º vara | 12345 | separação | manoel x renata | Sim | Não | marcio | 01/01/2021 | Finalizado |" time="0"/>
  <testcase name="E que o usuário preenche o campo &quot;arbitramento&quot; com o valor &quot;Não&quot; no cadastro de processos" classname="| 2º vara | 12345 | separação | manoel x renata | Sim | Não | marcio | 01/01/2021 | Finalizado |" time="0"/>
  <testcase name="E que o usuário preenche o campo &quot;assistente social&quot; com o valor &quot;marcio&quot; no cadastro de processos" classname="| 2º vara | 12345 | separação | manoel x renata | Sim | Não | marcio | 01/01/2021 | Finalizado |" time="0"/>
  <testcase name="E que o usuário preenche o campo &quot;data entrada&quot; com o valor &quot;01/01/2021&quot; no cadastro de processos" classname="| 2º vara | 12345 | separação | manoel x renata | Sim | Não | marcio | 01/01/2021 | Finalizado |" time="0"/>
  <testcase name="E que o usuário preenche o campo &quot;status&quot; com o valor &quot;Finalizado&quot; no cadastro de processos" classname="| 2º vara | 12345 | separação | manoel x renata | Sim | Não | marcio | 01/01/2021 | Finalizado |" time="0"/>
  <testcase name="Quando o usuário clicar no botão salvar no cadastro de processos" classname="| 2º vara | 12345 | separação | manoel x renata | Sim | Não | marcio | 01/01/2021 | Finalizado |" time="0"/>
  <testcase name="Entao o usuário deveria ver a mensagem &quot;Processo foi criado com sucesso.&quot; no cadastro de processos" classname="| 2º vara | 12345 | separação | manoel x renata | Sim | Não | marcio | 01/01/2021 | Finalizado |" time="0"/>
  <testcase name="| 2º vara | 12345 | separação | manoel x renata | Sim | Não | marcio | 01/01/2021 | Finalizado |" classname="| 2º vara | 12345 | separação | manoel x renata | Sim | Não | marcio | 01/01/2021 | Finalizado |" time="0.001"/>
</testsuite>